<?xml version="1.0" encoding="UTF-8"?>
<!-- Generated by org.testng.reporters.JUnitXMLReporter -->
<testsuite ignored="0" hostname="LAPTOP-FF4U5AQU" failures="0" tests="4" name="temp" time="48.597" errors="0" timestamp="2026-03-02T11:32:44 IST">
  <testcase classname="tests.LoginTest" name="validLogin" time="0.515"/>
  <testcase classname="tests.LoginTest" name="lockedUser" time="0.245"/>
  <testcase classname="tests.LoginTest" name="refreshLogin" time="11.296"/>
  <testcase classname="tests.LoginTest" name="passwordMask" time="10.1"/>
</testsuite> <!-- temp -->
