<?xml version="1.0" encoding="UTF-8"?>
<testng-results ignored="0" total="4" passed="4" failed="0" skipped="0">
  <reporter-output>
  </reporter-output>
  <suite started-at="2026-03-02T11:31:55 IST" name="CrossBrowserSuite" finished-at="2026-03-02T11:32:44 IST" duration-ms="48597">
    <groups>
      <group name="functional">
        <method signature="LoginTest.validLogin(java.lang.String)[pri:1, instance:tests.LoginTest@40ef3420]" name="validLogin" class="tests.LoginTest"/>
      </group> <!-- functional -->
      <group name="regression">
        <method signature="LoginTest.validLogin(java.lang.String)[pri:1, instance:tests.LoginTest@40ef3420]" name="validLogin" class="tests.LoginTest"/>
        <method signature="LoginTest.lockedUser()[pri:4, instance:tests.LoginTest@40ef3420]" name="lockedUser" class="tests.LoginTest"/>
        <method signature="LoginTest.refreshLogin()[pri:5, instance:tests.LoginTest@40ef3420]" name="refreshLogin" class="tests.LoginTest"/>
        <method signature="LoginTest.passwordMask()[pri:6, instance:tests.LoginTest@40ef3420]" name="passwordMask" class="tests.LoginTest"/>
      </group> <!-- regression -->
      <group name="smoke">
        <method signature="LoginTest.validLogin(java.lang.String)[pri:1, instance:tests.LoginTest@40ef3420]" name="validLogin" class="tests.LoginTest"/>
      </group> <!-- smoke -->
      <group name="sanity">
        <method signature="LoginTest.validLogin(java.lang.String)[pri:1, instance:tests.LoginTest@40ef3420]" name="validLogin" class="tests.LoginTest"/>
      </group> <!-- sanity -->
    </groups>
    <test started-at="2026-03-02T11:31:55 IST" name="temp" finished-at="2026-03-02T11:32:44 IST" duration-ms="48597">
      <class name="tests.LoginTest">
        <test-method is-config="true" signature="set(java.lang.String,java.lang.String)[pri:0, instance:tests.LoginTest@40ef3420]" started-at="2026-03-02T11:31:56 IST" name="set" finished-at="2026-03-02T11:32:03 IST" duration-ms="6973" status="PASS">
          <params>
            <param index="0">
              <value>
                <![CDATA[firefox]]>
              </value>
            </param>
            <param index="1">
              <value>
                <![CDATA[Linux]]>
              </value>
            </param>
          </params>
          <reporter-output>
          </reporter-output>
        </test-method> <!-- set -->
        <test-method is-config="true" signature="setupPage()[pri:0, instance:tests.LoginTest@40ef3420]" started-at="2026-03-02T11:32:03 IST" name="setupPage" finished-at="2026-03-02T11:32:03 IST" duration-ms="9" status="PASS">
          <reporter-output>
          </reporter-output>
        </test-method> <!-- setupPage -->
        <test-method signature="validLogin(java.lang.String)[pri:1, instance:tests.LoginTest@40ef3420]" started-at="2026-03-02T11:32:03 IST" name="validLogin" finished-at="2026-03-02T11:32:03 IST" duration-ms="515" status="PASS">
          <params>
            <param index="0">
              <value>
                <![CDATA[standard_user]]>
              </value>
            </param>
          </params>
          <reporter-output>
          </reporter-output>
        </test-method> <!-- validLogin -->
        <test-method is-config="true" signature="closeBrowser()[pri:0, instance:tests.LoginTest@40ef3420]" started-at="2026-03-02T11:32:03 IST" name="closeBrowser" finished-at="2026-03-02T11:32:04 IST" duration-ms="1036" status="PASS">
          <reporter-output>
          </reporter-output>
        </test-method> <!-- closeBrowser -->
        <test-method is-config="true" signature="set(java.lang.String,java.lang.String)[pri:0, instance:tests.LoginTest@40ef3420]" started-at="2026-03-02T11:32:04 IST" name="set" finished-at="2026-03-02T11:32:10 IST" duration-ms="5724" status="PASS">
          <params>
            <param index="0">
              <value>
                <![CDATA[firefox]]>
              </value>
            </param>
            <param index="1">
              <value>
                <![CDATA[Linux]]>
              </value>
            </param>
          </params>
          <reporter-output>
          </reporter-output>
        </test-method> <!-- set -->
        <test-method is-config="true" signature="setupPage()[pri:0, instance:tests.LoginTest@40ef3420]" started-at="2026-03-02T11:32:10 IST" name="setupPage" finished-at="2026-03-02T11:32:10 IST" duration-ms="0" status="PASS">
          <reporter-output>
          </reporter-output>
        </test-method> <!-- setupPage -->
        <test-method signature="lockedUser()[pri:4, instance:tests.LoginTest@40ef3420]" started-at="2026-03-02T11:32:10 IST" name="lockedUser" finished-at="2026-03-02T11:32:10 IST" duration-ms="245" status="PASS">
          <reporter-output>
          </reporter-output>
        </test-method> <!-- lockedUser -->
        <test-method is-config="true" signature="closeBrowser()[pri:0, instance:tests.LoginTest@40ef3420]" started-at="2026-03-02T11:32:10 IST" name="closeBrowser" finished-at="2026-03-02T11:32:11 IST" duration-ms="865" status="PASS">
          <reporter-output>
          </reporter-output>
        </test-method> <!-- closeBrowser -->
        <test-method is-config="true" signature="set(java.lang.String,java.lang.String)[pri:0, instance:tests.LoginTest@40ef3420]" started-at="2026-03-02T11:32:11 IST" name="set" finished-at="2026-03-02T11:32:16 IST" duration-ms="4613" status="PASS">
          <params>
            <param index="0">
              <value>
                <![CDATA[firefox]]>
              </value>
            </param>
            <param index="1">
              <value>
                <![CDATA[Linux]]>
              </value>
            </param>
          </params>
          <reporter-output>
          </reporter-output>
        </test-method> <!-- set -->
        <test-method is-config="true" signature="setupPage()[pri:0, instance:tests.LoginTest@40ef3420]" started-at="2026-03-02T11:32:16 IST" name="setupPage" finished-at="2026-03-02T11:32:16 IST" duration-ms="1" status="PASS">
          <reporter-output>
          </reporter-output>
        </test-method> <!-- setupPage -->
        <test-method signature="refreshLogin()[pri:5, instance:tests.LoginTest@40ef3420]" started-at="2026-03-02T11:32:16 IST" name="refreshLogin" finished-at="2026-03-02T11:32:27 IST" duration-ms="11296" status="PASS">
          <reporter-output>
          </reporter-output>
        </test-method> <!-- refreshLogin -->
        <test-method is-config="true" signature="closeBrowser()[pri:0, instance:tests.LoginTest@40ef3420]" started-at="2026-03-02T11:32:27 IST" name="closeBrowser" finished-at="2026-03-02T11:32:28 IST" duration-ms="944" status="PASS">
          <reporter-output>
          </reporter-output>
        </test-method> <!-- closeBrowser -->
        <test-method is-config="true" signature="set(java.lang.String,java.lang.String)[pri:0, instance:tests.LoginTest@40ef3420]" started-at="2026-03-02T11:32:28 IST" name="set" finished-at="2026-03-02T11:32:33 IST" duration-ms="4857" status="PASS">
          <params>
            <param index="0">
              <value>
                <![CDATA[firefox]]>
              </value>
            </param>
            <param index="1">
              <value>
                <![CDATA[Linux]]>
              </value>
            </param>
          </params>
          <reporter-output>
          </reporter-output>
        </test-method> <!-- set -->
        <test-method is-config="true" signature="setupPage()[pri:0, instance:tests.LoginTest@40ef3420]" started-at="2026-03-02T11:32:33 IST" name="setupPage" finished-at="2026-03-02T11:32:33 IST" duration-ms="1" status="PASS">
          <reporter-output>
          </reporter-output>
        </test-method> <!-- setupPage -->
        <test-method signature="passwordMask()[pri:6, instance:tests.LoginTest@40ef3420]" started-at="2026-03-02T11:32:33 IST" name="passwordMask" finished-at="2026-03-02T11:32:43 IST" duration-ms="10100" status="PASS">
          <reporter-output>
          </reporter-output>
        </test-method> <!-- passwordMask -->
        <test-method is-config="true" signature="closeBrowser()[pri:0, instance:tests.LoginTest@40ef3420]" started-at="2026-03-02T11:32:43 IST" name="closeBrowser" finished-at="2026-03-02T11:32:44 IST" duration-ms="1110" status="PASS">
          <reporter-output>
          </reporter-output>
        </test-method> <!-- closeBrowser -->
      </class> <!-- tests.LoginTest -->
    </test> <!-- temp -->
  </suite> <!-- CrossBrowserSuite -->
</testng-results>
