<?xml version="1.0" encoding="UTF-8"?>
<!-- Generated by org.testng.reporters.JUnitReportReporter -->
<testsuite hostname="LAPTOP-FF4U5AQU" failures="0" tests="4" name="tests.LoginTest" time="92.124" errors="0" timestamp="2026-03-02T11:18:04 IST" skipped="0">
  <testcase classname="tests.LoginTest" name="validLogin" time="44.075"/>
  <testcase classname="tests.LoginTest" name="lockedUser" time="9.717"/>
  <testcase classname="tests.LoginTest" name="refreshLogin" time="20.756"/>
  <testcase classname="tests.LoginTest" name="passwordMask" time="17.576"/>
</testsuite> <!-- tests.LoginTest -->
