<?xml version="1.0" encoding="UTF-8"?>
<!-- Generated by org.testng.reporters.JUnitXMLReporter -->
<testsuite ignored="0" hostname="LAPTOP-FF4U5AQU" failures="0" tests="4" name="temp" time="92.607" errors="0" timestamp="2026-03-02T11:18:04 IST">
  <testcase classname="tests.LoginTest" name="validLogin" time="0.893"/>
  <testcase classname="tests.LoginTest" name="lockedUser" time="0.531"/>
  <testcase classname="tests.LoginTest" name="refreshLogin" time="12.027"/>
  <testcase classname="tests.LoginTest" name="passwordMask" time="10.113"/>
</testsuite> <!-- temp -->
