<?xml version="1.0" encoding="UTF-8"?>
<!-- Generated by org.testng.reporters.JUnitReportReporter -->
<testsuite hostname="LAPTOP-FF4U5AQU" failures="0" tests="4" name="tests.LoginTest" time="48.289" errors="0" timestamp="2026-03-02T11:32:45 IST" skipped="0">
  <testcase classname="tests.LoginTest" name="validLogin" time="8.525"/>
  <testcase classname="tests.LoginTest" name="lockedUser" time="6.047"/>
  <testcase classname="tests.LoginTest" name="refreshLogin" time="18.130"/>
  <testcase classname="tests.LoginTest" name="passwordMask" time="15.587"/>
</testsuite> <!-- tests.LoginTest -->
